#
# There is insufficient memory for the Java Runtime Environment to continue.
# Native memory allocation (malloc) failed to allocate 1003568 bytes. Error detail: Chunk::new
# Possible reasons:
#   The system is out of physical RAM or swap space
#   This process is running with CompressedOops enabled, and the Java Heap may be blocking the growth of the native heap
# Possible solutions:
#   Reduce memory load on the system
#   Increase physical memory or swap space
#   Check if swap backing store is full
#   Decrease Java heap size (-Xmx/-Xms)
#   Decrease number of Java threads
#   Decrease Java thread stack sizes (-Xss)
#   Set larger code cache with -XX:ReservedCodeCacheSize=
#   JVM is running with Unscaled Compressed Oops mode in which the Java heap is
#     placed in the first 4GB address space. The Java Heap base address is the
#     maximum limit for the native heap growth. Please use -XX:HeapBaseMinAddress
#     to set the Java Heap base and to place the Java Heap above 4GB virtual address.
# This output file may be truncated or incomplete.
#
#  Out of Memory Error (arena.cpp:168), pid=16908, tid=24916
#
# JRE version: OpenJDK Runtime Environment Corretto-21.0.4.7.1 (21.0.4+7) (build 21.0.4+7-LTS)
# Java VM: OpenJDK 64-Bit Server VM Corretto-21.0.4.7.1 (21.0.4+7-LTS, mixed mode, sharing, tiered, compressed oops, compressed class ptrs, g1 gc, windows-amd64)
# No core dump will be written. Minidumps are not enabled by default on client versions of Windows
#

---------------  S U M M A R Y ------------

Command Line: -Dorg.gradle.internal.worker.tmpdir=D:\Mentor\BookingTest 4\build\tmp\test\work -Dorg.gradle.native=false -Xmx512m -Dfile.encoding=UTF-8 -Duser.country=RU -Duser.language=ru -Duser.variant -ea worker.org.gradle.process.internal.worker.GradleWorkerMain 'Gradle Test Executor 15'

Host: Intel(R) Core(TM) i3-10110U CPU @ 2.10GHz, 4 cores, 7G,  Windows 11 , 64 bit Build 22621 (10.0.22621.3958)
Time: Tue Oct  8 13:50:54 2024  Windows 11 , 64 bit Build 22621 (10.0.22621.3958) elapsed time: 1.258990 seconds (0d 0h 0m 1s)

---------------  T H R E A D  ---------------

Current thread (0x00000179a515df90):  JavaThread "C2 CompilerThread0" daemon [_thread_in_native, id=24916, stack(0x0000000101400000,0x0000000101500000) (1024K)]


Current CompileTask:
C2:   1259 1661       4       java.io.DataInputStream::readUTF (501 bytes)

Stack: [0x0000000101400000,0x0000000101500000]
Native frames: (J=compiled Java code, j=interpreted, Vv=VM code, C=native code)
V  [jvm.dll+0x6d83d9]
V  [jvm.dll+0x8b39f3]
V  [jvm.dll+0x8b5d4e]
V  [jvm.dll+0x8b6433]
V  [jvm.dll+0x285816]
V  [jvm.dll+0xc608d]
V  [jvm.dll+0xc65c3]
V  [jvm.dll+0x3bf09b]
V  [jvm.dll+0x38afb7]
V  [jvm.dll+0x38a42a]
V  [jvm.dll+0x24dcb2]
V  [jvm.dll+0x24d281]
V  [jvm.dll+0x1cbda4]
V  [jvm.dll+0x25c819]
V  [jvm.dll+0x25adcb]
V  [jvm.dll+0x3f9936]
V  [jvm.dll+0x85c768]
V  [jvm.dll+0x6d6bdd]
C  [ucrtbase.dll+0x29333]
C  [KERNEL32.DLL+0x1257d]
C  [ntdll.dll+0x5af28]


---------------  P R O C E S S  ---------------

Threads class SMR info:
_java_thread_list=0x00000179a5599d70, length=15, elements={
0x000001798abba930, 0x00000179a5141590, 0x00000179a51424b0, 0x00000179a5149110,
0x00000179a514c390, 0x00000179a5158e60, 0x00000179a515d5f0, 0x00000179a515df90,
0x00000179a515f240, 0x00000179a53b10c0, 0x00000179a53b3900, 0x00000179a55a0f20,
0x00000179a5a24bd0, 0x00000179a5ae3a40, 0x00000179a5ad9a90
}

Java Threads: ( => current thread )
  0x000001798abba930 JavaThread "Test worker"                       [_thread_in_native, id=22204, stack(0x0000000100600000,0x0000000100700000) (1024K)]
  0x00000179a5141590 JavaThread "Reference Handler"          daemon [_thread_blocked, id=17448, stack(0x0000000100e00000,0x0000000100f00000) (1024K)]
  0x00000179a51424b0 JavaThread "Finalizer"                  daemon [_thread_blocked, id=30600, stack(0x0000000100f00000,0x0000000101000000) (1024K)]
  0x00000179a5149110 JavaThread "Signal Dispatcher"          daemon [_thread_blocked, id=30100, stack(0x0000000101000000,0x0000000101100000) (1024K)]
  0x00000179a514c390 JavaThread "Attach Listener"            daemon [_thread_blocked, id=15604, stack(0x0000000101100000,0x0000000101200000) (1024K)]
  0x00000179a5158e60 JavaThread "Service Thread"             daemon [_thread_blocked, id=8024, stack(0x0000000101200000,0x0000000101300000) (1024K)]
  0x00000179a515d5f0 JavaThread "Monitor Deflation Thread"   daemon [_thread_blocked, id=10000, stack(0x0000000101300000,0x0000000101400000) (1024K)]
=>0x00000179a515df90 JavaThread "C2 CompilerThread0"         daemon [_thread_in_native, id=24916, stack(0x0000000101400000,0x0000000101500000) (1024K)]
  0x00000179a515f240 JavaThread "C1 CompilerThread0"         daemon [_thread_blocked, id=29792, stack(0x0000000101500000,0x0000000101600000) (1024K)]
  0x00000179a53b10c0 JavaThread "Notification Thread"        daemon [_thread_blocked, id=18528, stack(0x0000000101600000,0x0000000101700000) (1024K)]
  0x00000179a53b3900 JavaThread "Common-Cleaner"             daemon [_thread_blocked, id=5840, stack(0x0000000101700000,0x0000000101800000) (1024K)]
  0x00000179a55a0f20 JavaThread "C2 CompilerThread1"         daemon [_thread_in_vm, id=23024, stack(0x0000000101800000,0x0000000101900000) (1024K)]
  0x00000179a5a24bd0 JavaThread "/127.0.0.1:49355 to /127.0.0.1:49354 workers"        [_thread_blocked, id=23780, stack(0x0000000101d00000,0x0000000101e00000) (1024K)]
  0x00000179a5ae3a40 JavaThread "/127.0.0.1:49355 to /127.0.0.1:49354 workers Thread 2"        [_thread_blocked, id=29948, stack(0x0000000101e00000,0x0000000101f00000) (1024K)]
  0x00000179a5ad9a90 JavaThread "/127.0.0.1:49355 to /127.0.0.1:49354 workers Thread 3"        [_thread_in_native, id=3992, stack(0x0000000101f00000,0x0000000102000000) (1024K)]
Total: 15

Other Threads:
  0x00000179a5123b90 VMThread "VM Thread"                           [id=18460, stack(0x0000000100d00000,0x0000000100e00000) (1024K)]
  0x00000179a5107130 WatcherThread "VM Periodic Task Thread"        [id=14512, stack(0x0000000100c00000,0x0000000100d00000) (1024K)]
  0x000001798abe5970 WorkerThread "GC Thread#0"                     [id=28008, stack(0x0000000100700000,0x0000000100800000) (1024K)]
  0x00000179a5a24490 WorkerThread "GC Thread#1"                     [id=8408, stack(0x0000000101a00000,0x0000000101b00000) (1024K)]
  0x00000179a5a24830 WorkerThread "GC Thread#2"                     [id=20632, stack(0x0000000101b00000,0x0000000101c00000) (1024K)]
  0x00000179a59b1a50 WorkerThread "GC Thread#3"                     [id=5844, stack(0x0000000101c00000,0x0000000101d00000) (1024K)]
  0x000001798abeab00 ConcurrentGCThread "G1 Main Marker"            [id=7536, stack(0x0000000100800000,0x0000000100900000) (1024K)]
  0x000001798abeb600 WorkerThread "G1 Conc#0"                       [id=30712, stack(0x0000000100900000,0x0000000100a00000) (1024K)]
  0x000001798ac78fb0 ConcurrentGCThread "G1 Refine#0"               [id=22212, stack(0x0000000100a00000,0x0000000100b00000) (1024K)]
  0x000001798ac79b20 ConcurrentGCThread "G1 Service"                [id=22748, stack(0x0000000100b00000,0x0000000100c00000) (1024K)]
Total: 10

Threads with active compile tasks:
C2 CompilerThread0     1280 1661       4       java.io.DataInputStream::readUTF (501 bytes)
C2 CompilerThread1     1280 1684   !   4       java.net.URL::<init> (543 bytes)
Total: 2

VM state: not at safepoint (normal execution)

VM Mutex/Monitor currently owned by a thread: None

Heap address: 0x00000000e0000000, size: 512 MB, Compressed Oops mode: 32-bit

CDS archive(s) mapped at: [0x00000179a6000000-0x00000179a6c90000-0x00000179a6c90000), size 13172736, SharedBaseAddress: 0x00000179a6000000, ArchiveRelocationMode: 1.
Compressed class space mapped at: 0x00000179a7000000-0x00000179e7000000, reserved size: 1073741824
Narrow klass base: 0x00000179a6000000, Narrow klass shift: 0, Narrow klass range: 0x100000000

GC Precious Log:
 CardTable entry size: 512
 Card Set container configuration: InlinePtr #cards 5 size 8 Array Of Cards #cards 12 size 40 Howl #buckets 4 coarsen threshold 1843 Howl Bitmap #cards 512 size 80 coarsen threshold 460 Card regions per heap region 1 cards per card region 2048
 CPUs: 4 total, 4 available
 Memory: 8025M
 Large Page Support: Disabled
 NUMA Support: Disabled
 Compressed Oops: Enabled (32-bit)
 Heap Region Size: 1M
 Heap Min Capacity: 8M
 Heap Initial Capacity: 126M
 Heap Max Capacity: 512M
 Pre-touch: Disabled
 Parallel Workers: 4
 Concurrent Workers: 1
 Concurrent Refinement Workers: 4
 Periodic GC: Disabled

Heap:
 garbage-first heap   total 129024K, used 28127K [0x00000000e0000000, 0x0000000100000000)
  region size 1024K, 25 young (25600K), 2 survivors (2048K)
 Metaspace       used 13839K, committed 14080K, reserved 1114112K
  class space    used 1669K, committed 1792K, reserved 1048576K

Heap Regions: E=young(eden), S=young(survivor), O=old, HS=humongous(starts), HC=humongous(continues), CS=collection set, F=free, TAMS=top-at-mark-start, PB=parsable bottom
|   0|0x00000000e0000000, 0x00000000e0100000, 0x00000000e0100000|100%| O|  |TAMS 0x00000000e0000000| PB 0x00000000e0000000| Untracked 
|   1|0x00000000e0100000, 0x00000000e0200000, 0x00000000e0200000|100%| O|  |TAMS 0x00000000e0100000| PB 0x00000000e0100000| Untracked 
|   2|0x00000000e0200000, 0x00000000e0300000, 0x00000000e0300000|100%| O|  |TAMS 0x00000000e0200000| PB 0x00000000e0200000| Untracked 
|   3|0x00000000e0300000, 0x00000000e0400000, 0x00000000e0400000|100%| O|  |TAMS 0x00000000e0300000| PB 0x00000000e0300000| Untracked 
|   4|0x00000000e0400000, 0x00000000e0500000, 0x00000000e0500000|100%| O|  |TAMS 0x00000000e0400000| PB 0x00000000e0400000| Untracked 
|   5|0x00000000e0500000, 0x00000000e0527fe0, 0x00000000e0600000| 15%| O|  |TAMS 0x00000000e0500000| PB 0x00000000e0500000| Untracked 
|   6|0x00000000e0600000, 0x00000000e0600000, 0x00000000e0700000|  0%| F|  |TAMS 0x00000000e0600000| PB 0x00000000e0600000| Untracked 
|   7|0x00000000e0700000, 0x00000000e0700000, 0x00000000e0800000|  0%| F|  |TAMS 0x00000000e0700000| PB 0x00000000e0700000| Untracked 
|   8|0x00000000e0800000, 0x00000000e0800000, 0x00000000e0900000|  0%| F|  |TAMS 0x00000000e0800000| PB 0x00000000e0800000| Untracked 
|   9|0x00000000e0900000, 0x00000000e0900000, 0x00000000e0a00000|  0%| F|  |TAMS 0x00000000e0900000| PB 0x00000000e0900000| Untracked 
|  10|0x00000000e0a00000, 0x00000000e0a00000, 0x00000000e0b00000|  0%| F|  |TAMS 0x00000000e0a00000| PB 0x00000000e0a00000| Untracked 
|  11|0x00000000e0b00000, 0x00000000e0b00000, 0x00000000e0c00000|  0%| F|  |TAMS 0x00000000e0b00000| PB 0x00000000e0b00000| Untracked 
|  12|0x00000000e0c00000, 0x00000000e0c00000, 0x00000000e0d00000|  0%| F|  |TAMS 0x00000000e0c00000| PB 0x00000000e0c00000| Untracked 
|  13|0x00000000e0d00000, 0x00000000e0d00000, 0x00000000e0e00000|  0%| F|  |TAMS 0x00000000e0d00000| PB 0x00000000e0d00000| Untracked 
|  14|0x00000000e0e00000, 0x00000000e0e00000, 0x00000000e0f00000|  0%| F|  |TAMS 0x00000000e0e00000| PB 0x00000000e0e00000| Untracked 
|  15|0x00000000e0f00000, 0x00000000e0f00000, 0x00000000e1000000|  0%| F|  |TAMS 0x00000000e0f00000| PB 0x00000000e0f00000| Untracked 
|  16|0x00000000e1000000, 0x00000000e1000000, 0x00000000e1100000|  0%| F|  |TAMS 0x00000000e1000000| PB 0x00000000e1000000| Untracked 
|  17|0x00000000e1100000, 0x00000000e1100000, 0x00000000e1200000|  0%| F|  |TAMS 0x00000000e1100000| PB 0x00000000e1100000| Untracked 
|  18|0x00000000e1200000, 0x00000000e1200000, 0x00000000e1300000|  0%| F|  |TAMS 0x00000000e1200000| PB 0x00000000e1200000| Untracked 
|  19|0x00000000e1300000, 0x00000000e1300000, 0x00000000e1400000|  0%| F|  |TAMS 0x00000000e1300000| PB 0x00000000e1300000| Untracked 
|  20|0x00000000e1400000, 0x00000000e1400000, 0x00000000e1500000|  0%| F|  |TAMS 0x00000000e1400000| PB 0x00000000e1400000| Untracked 
|  21|0x00000000e1500000, 0x00000000e1500000, 0x00000000e1600000|  0%| F|  |TAMS 0x00000000e1500000| PB 0x00000000e1500000| Untracked 
|  22|0x00000000e1600000, 0x00000000e1600000, 0x00000000e1700000|  0%| F|  |TAMS 0x00000000e1600000| PB 0x00000000e1600000| Untracked 
|  23|0x00000000e1700000, 0x00000000e1700000, 0x00000000e1800000|  0%| F|  |TAMS 0x00000000e1700000| PB 0x00000000e1700000| Untracked 
|  24|0x00000000e1800000, 0x00000000e1800000, 0x00000000e1900000|  0%| F|  |TAMS 0x00000000e1800000| PB 0x00000000e1800000| Untracked 
|  25|0x00000000e1900000, 0x00000000e1900000, 0x00000000e1a00000|  0%| F|  |TAMS 0x00000000e1900000| PB 0x00000000e1900000| Untracked 
|  26|0x00000000e1a00000, 0x00000000e1a00000, 0x00000000e1b00000|  0%| F|  |TAMS 0x00000000e1a00000| PB 0x00000000e1a00000| Untracked 
|  27|0x00000000e1b00000, 0x00000000e1b00000, 0x00000000e1c00000|  0%| F|  |TAMS 0x00000000e1b00000| PB 0x00000000e1b00000| Untracked 
|  28|0x00000000e1c00000, 0x00000000e1c00000, 0x00000000e1d00000|  0%| F|  |TAMS 0x00000000e1c00000| PB 0x00000000e1c00000| Untracked 
|  29|0x00000000e1d00000, 0x00000000e1d00000, 0x00000000e1e00000|  0%| F|  |TAMS 0x00000000e1d00000| PB 0x00000000e1d00000| Untracked 
|  30|0x00000000e1e00000, 0x00000000e1e00000, 0x00000000e1f00000|  0%| F|  |TAMS 0x00000000e1e00000| PB 0x00000000e1e00000| Untracked 
|  31|0x00000000e1f00000, 0x00000000e1f00000, 0x00000000e2000000|  0%| F|  |TAMS 0x00000000e1f00000| PB 0x00000000e1f00000| Untracked 
|  32|0x00000000e2000000, 0x00000000e2000000, 0x00000000e2100000|  0%| F|  |TAMS 0x00000000e2000000| PB 0x00000000e2000000| Untracked 
|  33|0x00000000e2100000, 0x00000000e2100000, 0x00000000e2200000|  0%| F|  |TAMS 0x00000000e2100000| PB 0x00000000e2100000| Untracked 
|  34|0x00000000e2200000, 0x00000000e2200000, 0x00000000e2300000|  0%| F|  |TAMS 0x00000000e2200000| PB 0x00000000e2200000| Untracked 
|  35|0x00000000e2300000, 0x00000000e2300000, 0x00000000e2400000|  0%| F|  |TAMS 0x00000000e2300000| PB 0x00000000e2300000| Untracked 
|  36|0x00000000e2400000, 0x00000000e2400000, 0x00000000e2500000|  0%| F|  |TAMS 0x00000000e2400000| PB 0x00000000e2400000| Untracked 
|  37|0x00000000e2500000, 0x00000000e2500000, 0x00000000e2600000|  0%| F|  |TAMS 0x00000000e2500000| PB 0x00000000e2500000| Untracked 
|  38|0x00000000e2600000, 0x00000000e2600000, 0x00000000e2700000|  0%| F|  |TAMS 0x00000000e2600000| PB 0x00000000e2600000| Untracked 
|  39|0x00000000e2700000, 0x00000000e2700000, 0x00000000e2800000|  0%| F|  |TAMS 0x00000000e2700000| PB 0x00000000e2700000| Untracked 
|  40|0x00000000e2800000, 0x00000000e2800000, 0x00000000e2900000|  0%| F|  |TAMS 0x00000000e2800000| PB 0x00000000e2800000| Untracked 
|  41|0x00000000e2900000, 0x00000000e2900000, 0x00000000e2a00000|  0%| F|  |TAMS 0x00000000e2900000| PB 0x00000000e2900000| Untracked 
|  42|0x00000000e2a00000, 0x00000000e2a00000, 0x00000000e2b00000|  0%| F|  |TAMS 0x00000000e2a00000| PB 0x00000000e2a00000| Untracked 
|  43|0x00000000e2b00000, 0x00000000e2b00000, 0x00000000e2c00000|  0%| F|  |TAMS 0x00000000e2b00000| PB 0x00000000e2b00000| Untracked 
|  44|0x00000000e2c00000, 0x00000000e2c00000, 0x00000000e2d00000|  0%| F|  |TAMS 0x00000000e2c00000| PB 0x00000000e2c00000| Untracked 
|  45|0x00000000e2d00000, 0x00000000e2d00000, 0x00000000e2e00000|  0%| F|  |TAMS 0x00000000e2d00000| PB 0x00000000e2d00000| Untracked 
|  46|0x00000000e2e00000, 0x00000000e2e00000, 0x00000000e2f00000|  0%| F|  |TAMS 0x00000000e2e00000| PB 0x00000000e2e00000| Untracked 
|  47|0x00000000e2f00000, 0x00000000e2f00000, 0x00000000e3000000|  0%| F|  |TAMS 0x00000000e2f00000| PB 0x00000000e2f00000| Untracked 
|  48|0x00000000e3000000, 0x00000000e3000000, 0x00000000e3100000|  0%| F|  |TAMS 0x00000000e3000000| PB 0x00000000e3000000| Untracked 
|  49|0x00000000e3100000, 0x00000000e3100000, 0x00000000e3200000|  0%| F|  |TAMS 0x00000000e3100000| PB 0x00000000e3100000| Untracked 
|  50|0x00000000e3200000, 0x00000000e3200000, 0x00000000e3300000|  0%| F|  |TAMS 0x00000000e3200000| PB 0x00000000e3200000| Untracked 
|  51|0x00000000e3300000, 0x00000000e3300000, 0x00000000e3400000|  0%| F|  |TAMS 0x00000000e3300000| PB 0x00000000e3300000| Untracked 
|  52|0x00000000e3400000, 0x00000000e3400000, 0x00000000e3500000|  0%| F|  |TAMS 0x00000000e3400000| PB 0x00000000e3400000| Untracked 
|  53|0x00000000e3500000, 0x00000000e3500000, 0x00000000e3600000|  0%| F|  |TAMS 0x00000000e3500000| PB 0x00000000e3500000| Untracked 
|  54|0x00000000e3600000, 0x00000000e3600000, 0x00000000e3700000|  0%| F|  |TAMS 0x00000000e3600000| PB 0x00000000e3600000| Untracked 
|  55|0x00000000e3700000, 0x00000000e3700000, 0x00000000e3800000|  0%| F|  |TAMS 0x00000000e3700000| PB 0x00000000e3700000| Untracked 
|  56|0x00000000e3800000, 0x00000000e3800000, 0x00000000e3900000|  0%| F|  |TAMS 0x00000000e3800000| PB 0x00000000e3800000| Untracked 
|  57|0x00000000e3900000, 0x00000000e3900000, 0x00000000e3a00000|  0%| F|  |TAMS 0x00000000e3900000| PB 0x00000000e3900000| Untracked 
|  58|0x00000000e3a00000, 0x00000000e3a00000, 0x00000000e3b00000|  0%| F|  |TAMS 0x00000000e3a00000| PB 0x00000000e3a00000| Untracked 
|  59|0x00000000e3b00000, 0x00000000e3b00000, 0x00000000e3c00000|  0%| F|  |TAMS 0x00000000e3b00000| PB 0x00000000e3b00000| Untracked 
|  60|0x00000000e3c00000, 0x00000000e3c00000, 0x00000000e3d00000|  0%| F|  |TAMS 0x00000000e3c00000| PB 0x00000000e3c00000| Untracked 
|  61|0x00000000e3d00000, 0x00000000e3d00000, 0x00000000e3e00000|  0%| F|  |TAMS 0x00000000e3d00000| PB 0x00000000e3d00000| Untracked 
|  62|0x00000000e3e00000, 0x00000000e3e00000, 0x00000000e3f00000|  0%| F|  |TAMS 0x00000000e3e00000| PB 0x00000000e3e00000| Untracked 
|  63|0x00000000e3f00000, 0x00000000e3f00000, 0x00000000e4000000|  0%| F|  |TAMS 0x00000000e3f00000| PB 0x00000000e3f00000| Untracked 
|  64|0x00000000e4000000, 0x00000000e4000000, 0x00000000e4100000|  0%| F|  |TAMS 0x00000000e4000000| PB 0x00000000e4000000| Untracked 
|  65|0x00000000e4100000, 0x00000000e4100000, 0x00000000e4200000|  0%| F|  |TAMS 0x00000000e4100000| PB 0x00000000e4100000| Untracked 
|  66|0x00000000e4200000, 0x00000000e4200000, 0x00000000e4300000|  0%| F|  |TAMS 0x00000000e4200000| PB 0x00000000e4200000| Untracked 
|  67|0x00000000e4300000, 0x00000000e4300000, 0x00000000e4400000|  0%| F|  |TAMS 0x00000000e4300000| PB 0x00000000e4300000| Untracked 
|  68|0x00000000e4400000, 0x00000000e4400000, 0x00000000e4500000|  0%| F|  |TAMS 0x00000000e4400000| PB 0x00000000e4400000| Untracked 
|  69|0x00000000e4500000, 0x00000000e4500000, 0x00000000e4600000|  0%| F|  |TAMS 0x00000000e4500000| PB 0x00000000e4500000| Untracked 
|  70|0x00000000e4600000, 0x00000000e4600000, 0x00000000e4700000|  0%| F|  |TAMS 0x00000000e4600000| PB 0x00000000e4600000| Untracked 
|  71|0x00000000e4700000, 0x00000000e4700000, 0x00000000e4800000|  0%| F|  |TAMS 0x00000000e4700000| PB 0x00000000e4700000| Untracked 
|  72|0x00000000e4800000, 0x00000000e4800000, 0x00000000e4900000|  0%| F|  |TAMS 0x00000000e4800000| PB 0x00000000e4800000| Untracked 
|  73|0x00000000e4900000, 0x00000000e4900000, 0x00000000e4a00000|  0%| F|  |TAMS 0x00000000e4900000| PB 0x00000000e4900000| Untracked 
|  74|0x00000000e4a00000, 0x00000000e4a00000, 0x00000000e4b00000|  0%| F|  |TAMS 0x00000000e4a00000| PB 0x00000000e4a00000| Untracked 
|  75|0x00000000e4b00000, 0x00000000e4b00000, 0x00000000e4c00000|  0%| F|  |TAMS 0x00000000e4b00000| PB 0x00000000e4b00000| Untracked 
|  76|0x00000000e4c00000, 0x00000000e4c00000, 0x00000000e4d00000|  0%| F|  |TAMS 0x00000000e4c00000| PB 0x00000000e4c00000| Untracked 
|  77|0x00000000e4d00000, 0x00000000e4d00000, 0x00000000e4e00000|  0%| F|  |TAMS 0x00000000e4d00000| PB 0x00000000e4d00000| Untracked 
|  78|0x00000000e4e00000, 0x00000000e4e00000, 0x00000000e4f00000|  0%| F|  |TAMS 0x00000000e4e00000| PB 0x00000000e4e00000| Untracked 
|  79|0x00000000e4f00000, 0x00000000e4f00000, 0x00000000e5000000|  0%| F|  |TAMS 0x00000000e4f00000| PB 0x00000000e4f00000| Untracked 
|  80|0x00000000e5000000, 0x00000000e5000000, 0x00000000e5100000|  0%| F|  |TAMS 0x00000000e5000000| PB 0x00000000e5000000| Untracked 
|  81|0x00000000e5100000, 0x00000000e5100000, 0x00000000e5200000|  0%| F|  |TAMS 0x00000000e5100000| PB 0x00000000e5100000| Untracked 
|  82|0x00000000e5200000, 0x00000000e5200000, 0x00000000e5300000|  0%| F|  |TAMS 0x00000000e5200000| PB 0x00000000e5200000| Untracked 
|  83|0x00000000e5300000, 0x00000000e5300000, 0x00000000e5400000|  0%| F|  |TAMS 0x00000000e5300000| PB 0x00000000e5300000| Untracked 
|  84|0x00000000e5400000, 0x00000000e5400000, 0x00000000e5500000|  0%| F|  |TAMS 0x00000000e5400000| PB 0x00000000e5400000| Untracked 
|  85|0x00000000e5500000, 0x00000000e5500000, 0x00000000e5600000|  0%| F|  |TAMS 0x00000000e5500000| PB 0x00000000e5500000| Untracked 
|  86|0x00000000e5600000, 0x00000000e5600000, 0x00000000e5700000|  0%| F|  |TAMS 0x00000000e5600000| PB 0x00000000e5600000| Untracked 
|  87|0x00000000e5700000, 0x00000000e5700000, 0x00000000e5800000|  0%| F|  |TAMS 0x00000000e5700000| PB 0x00000000e5700000| Untracked 
|  88|0x00000000e5800000, 0x00000000e5800000, 0x00000000e5900000|  0%| F|  |TAMS 0x00000000e5800000| PB 0x00000000e5800000| Untracked 
|  89|0x00000000e5900000, 0x00000000e5900000, 0x00000000e5a00000|  0%| F|  |TAMS 0x00000000e5900000| PB 0x00000000e5900000| Untracked 
|  90|0x00000000e5a00000, 0x00000000e5a00000, 0x00000000e5b00000|  0%| F|  |TAMS 0x00000000e5a00000| PB 0x00000000e5a00000| Untracked 
|  91|0x00000000e5b00000, 0x00000000e5b00000, 0x00000000e5c00000|  0%| F|  |TAMS 0x00000000e5b00000| PB 0x00000000e5b00000| Untracked 
|  92|0x00000000e5c00000, 0x00000000e5c00000, 0x00000000e5d00000|  0%| F|  |TAMS 0x00000000e5c00000| PB 0x00000000e5c00000| Untracked 
|  93|0x00000000e5d00000, 0x00000000e5d00000, 0x00000000e5e00000|  0%| F|  |TAMS 0x00000000e5d00000| PB 0x00000000e5d00000| Untracked 
|  94|0x00000000e5e00000, 0x00000000e5e00000, 0x00000000e5f00000|  0%| F|  |TAMS 0x00000000e5e00000| PB 0x00000000e5e00000| Untracked 
|  95|0x00000000e5f00000, 0x00000000e5f00000, 0x00000000e6000000|  0%| F|  |TAMS 0x00000000e5f00000| PB 0x00000000e5f00000| Untracked 
|  96|0x00000000e6000000, 0x00000000e6000000, 0x00000000e6100000|  0%| F|  |TAMS 0x00000000e6000000| PB 0x00000000e6000000| Untracked 
|  97|0x00000000e6100000, 0x00000000e6100000, 0x00000000e6200000|  0%| F|  |TAMS 0x00000000e6100000| PB 0x00000000e6100000| Untracked 
|  98|0x00000000e6200000, 0x00000000e6200000, 0x00000000e6300000|  0%| F|  |TAMS 0x00000000e6200000| PB 0x00000000e6200000| Untracked 
|  99|0x00000000e6300000, 0x00000000e6300000, 0x00000000e6400000|  0%| F|  |TAMS 0x00000000e6300000| PB 0x00000000e6300000| Untracked 
| 100|0x00000000e6400000, 0x00000000e6400000, 0x00000000e6500000|  0%| F|  |TAMS 0x00000000e6400000| PB 0x00000000e6400000| Untracked 
| 101|0x00000000e6500000, 0x00000000e654ee60, 0x00000000e6600000| 30%| E|  |TAMS 0x00000000e6500000| PB 0x00000000e6500000| Complete 
| 102|0x00000000e6600000, 0x00000000e6700000, 0x00000000e6700000|100%| E|CS|TAMS 0x00000000e6600000| PB 0x00000000e6600000| Complete 
| 103|0x00000000e6700000, 0x00000000e6800000, 0x00000000e6800000|100%| E|CS|TAMS 0x00000000e6700000| PB 0x00000000e6700000| Complete 
| 104|0x00000000e6800000, 0x00000000e6900000, 0x00000000e6900000|100%| E|  |TAMS 0x00000000e6800000| PB 0x00000000e6800000| Complete 
| 105|0x00000000e6900000, 0x00000000e6a00000, 0x00000000e6a00000|100%| E|CS|TAMS 0x00000000e6900000| PB 0x00000000e6900000| Complete 
| 106|0x00000000e6a00000, 0x00000000e6b00000, 0x00000000e6b00000|100%| E|CS|TAMS 0x00000000e6a00000| PB 0x00000000e6a00000| Complete 
| 107|0x00000000e6b00000, 0x00000000e6c00000, 0x00000000e6c00000|100%| E|CS|TAMS 0x00000000e6b00000| PB 0x00000000e6b00000| Complete 
| 108|0x00000000e6c00000, 0x00000000e6d00000, 0x00000000e6d00000|100%| E|CS|TAMS 0x00000000e6c00000| PB 0x00000000e6c00000| Complete 
| 109|0x00000000e6d00000, 0x00000000e6e00000, 0x00000000e6e00000|100%| E|CS|TAMS 0x00000000e6d00000| PB 0x00000000e6d00000| Complete 
| 110|0x00000000e6e00000, 0x00000000e6e4ff20, 0x00000000e6f00000| 31%| S|CS|TAMS 0x00000000e6e00000| PB 0x00000000e6e00000| Complete 
| 111|0x00000000e6f00000, 0x00000000e7000000, 0x00000000e7000000|100%| E|CS|TAMS 0x00000000e6f00000| PB 0x00000000e6f00000| Complete 
| 112|0x00000000e7000000, 0x00000000e7100000, 0x00000000e7100000|100%| E|CS|TAMS 0x00000000e7000000| PB 0x00000000e7000000| Complete 
| 113|0x00000000e7100000, 0x00000000e7200000, 0x00000000e7200000|100%| S|CS|TAMS 0x00000000e7100000| PB 0x00000000e7100000| Complete 
| 114|0x00000000e7200000, 0x00000000e7300000, 0x00000000e7300000|100%| E|CS|TAMS 0x00000000e7200000| PB 0x00000000e7200000| Complete 
| 115|0x00000000e7300000, 0x00000000e7400000, 0x00000000e7400000|100%| E|CS|TAMS 0x00000000e7300000| PB 0x00000000e7300000| Complete 
| 116|0x00000000e7400000, 0x00000000e7500000, 0x00000000e7500000|100%| E|CS|TAMS 0x00000000e7400000| PB 0x00000000e7400000| Complete 
| 117|0x00000000e7500000, 0x00000000e7600000, 0x00000000e7600000|100%| E|CS|TAMS 0x00000000e7500000| PB 0x00000000e7500000| Complete 
| 118|0x00000000e7600000, 0x00000000e7700000, 0x00000000e7700000|100%| E|CS|TAMS 0x00000000e7600000| PB 0x00000000e7600000| Complete 
| 119|0x00000000e7700000, 0x00000000e7800000, 0x00000000e7800000|100%| E|CS|TAMS 0x00000000e7700000| PB 0x00000000e7700000| Complete 
| 120|0x00000000e7800000, 0x00000000e7900000, 0x00000000e7900000|100%| E|CS|TAMS 0x00000000e7800000| PB 0x00000000e7800000| Complete 
| 121|0x00000000e7900000, 0x00000000e7a00000, 0x00000000e7a00000|100%| E|CS|TAMS 0x00000000e7900000| PB 0x00000000e7900000| Complete 
| 122|0x00000000e7a00000, 0x00000000e7b00000, 0x00000000e7b00000|100%| E|CS|TAMS 0x00000000e7a00000| PB 0x00000000e7a00000| Complete 
| 123|0x00000000e7b00000, 0x00000000e7c00000, 0x00000000e7c00000|100%| E|CS|TAMS 0x00000000e7b00000| PB 0x00000000e7b00000| Complete 
| 124|0x00000000e7c00000, 0x00000000e7d00000, 0x00000000e7d00000|100%| E|CS|TAMS 0x00000000e7c00000| PB 0x00000000e7c00000| Complete 
| 125|0x00000000e7d00000, 0x00000000e7e00000, 0x00000000e7e00000|100%| E|CS|TAMS 0x00000000e7d00000| PB 0x00000000e7d00000| Complete 

Card table byte_map: [0x00000179a22a0000,0x00000179a23a0000] _byte_map_base: 0x00000179a1ba0000

Marking Bits: (CMBitMap*) 0x000001798abe6070
 Bits: [0x00000179a23a0000, 0x00000179a2ba0000)

Polling page: 0x000001798a380000

Metaspace:

Usage:
  Non-class:     11.91 MB used.
      Class:      1.64 MB used.
       Both:     13.54 MB used.

Virtual space:
  Non-class space:       64.00 MB reserved,      12.06 MB ( 19%) committed,  1 nodes.
      Class space:        1.00 GB reserved,       1.75 MB ( <1%) committed,  1 nodes.
             Both:        1.06 GB reserved,      13.81 MB (  1%) committed. 

Chunk freelists:
   Non-Class:  3.09 MB
       Class:  14.22 MB
        Both:  17.31 MB

MaxMetaspaceSize: unlimited
CompressedClassSpaceSize: 1.00 GB
Initial GC threshold: 21.00 MB
Current GC threshold: 21.00 MB
CDS: on
 - commit_granule_bytes: 65536.
 - commit_granule_words: 8192.
 - virtual_space_node_default_size: 8388608.
 - enlarge_chunks_in_place: 1.
 - use_allocation_guard: 0.


Internal statistics:

num_allocs_failed_limit: 0.
num_arena_births: 214.
num_arena_deaths: 0.
num_vsnodes_births: 2.
num_vsnodes_deaths: 0.
num_space_committed: 221.
num_space_uncommitted: 0.
num_chunks_returned_to_freelist: 0.
num_chunks_taken_from_freelist: 657.
num_chunk_merges: 0.
num_chunk_splits: 437.
num_chunks_enlarged: 320.
num_inconsistent_stats: 0.

CodeHeap 'non-profiled nmethods': size=120000Kb used=607Kb max_used=607Kb free=119392Kb
 bounds [0x000001799ad70000, 0x000001799afe0000, 0x00000179a22a0000]
CodeHeap 'profiled nmethods': size=120000Kb used=3334Kb max_used=3334Kb free=116665Kb
 bounds [0x00000179932a0000, 0x00000179935f0000, 0x000001799a7d0000]
CodeHeap 'non-nmethods': size=5760Kb used=1794Kb max_used=1823Kb free=3966Kb
 bounds [0x000001799a7d0000, 0x000001799aa40000, 0x000001799ad70000]
 total_blobs=2273 nmethods=1681 adapters=497
 compilation: enabled
              stopped_count=0, restarted_count=0
 full_count=0

Compilation events (20 events):
Event: 1.219 Thread 0x00000179a515f240 1676       3       java.lang.PublicMethods$MethodList::length (24 bytes)
Event: 1.219 Thread 0x00000179a515f240 nmethod 1676 0x00000179935d9a10 code [0x00000179935d9bc0, 0x00000179935d9d80]
Event: 1.219 Thread 0x00000179a515f240 1675       3       java.lang.PublicMethods$Key::hashCode (19 bytes)
Event: 1.219 Thread 0x00000179a515f240 nmethod 1675 0x00000179935d9e90 code [0x00000179935da040, 0x00000179935da1d0]
Event: 1.219 Thread 0x00000179a515f240 1677       3       org.codehaus.groovy.util.LockableObject::<init> (5 bytes)
Event: 1.219 Thread 0x00000179a515f240 nmethod 1677 0x00000179935da290 code [0x00000179935da440, 0x00000179935da668]
Event: 1.219 Thread 0x00000179a515f240 1678       3       java.lang.PublicMethods$MethodList::merge (192 bytes)
Event: 1.220 Thread 0x00000179a515f240 nmethod 1678 0x00000179935da790 code [0x00000179935daa00, 0x00000179935db4a8]
Event: 1.220 Thread 0x00000179a515f240 1681       3       java.util.HashMap::getNode (150 bytes)
Event: 1.221 Thread 0x00000179a515f240 nmethod 1681 0x00000179935db890 code [0x00000179935dbae0, 0x00000179935dc678]
Event: 1.221 Thread 0x00000179a515f240 1679       3       java.lang.PublicMethods::merge (81 bytes)
Event: 1.221 Thread 0x00000179a515f240 nmethod 1679 0x00000179935dc990 code [0x00000179935dcbe0, 0x00000179935dd598]
Event: 1.221 Thread 0x00000179a515f240 1680       3       java.lang.PublicMethods$Key::<init> (24 bytes)
Event: 1.221 Thread 0x00000179a515f240 nmethod 1680 0x00000179935dd990 code [0x00000179935ddb40, 0x00000179935dde60]
Event: 1.221 Thread 0x00000179a515f240 1682       3       java.lang.invoke.MethodHandles$Lookup::linkMethodHandleConstant (223 bytes)
Event: 1.223 Thread 0x00000179a515f240 nmethod 1682 0x00000179935ddf90 code [0x00000179935de380, 0x00000179935dfcc8]
Event: 1.226 Thread 0x00000179a515f240 1683       3       java.lang.invoke.MethodType::dropParameterTypes (162 bytes)
Event: 1.228 Thread 0x00000179a515f240 nmethod 1683 0x00000179935e0490 code [0x00000179935e0780, 0x00000179935e1688]
Event: 1.243 Thread 0x00000179a55a0f20 nmethod 1660 0x000001799ae00d10 code [0x000001799ae01060, 0x000001799ae03a40]
Event: 1.243 Thread 0x00000179a55a0f20 1666       4       java.io.BufferedInputStream::implRead (112 bytes)

GC Heap History (4 events):
Event: 0.474 GC heap before
{Heap before GC invocations=0 (full 0):
 garbage-first heap   total 129024K, used 13312K [0x00000000e0000000, 0x0000000100000000)
  region size 1024K, 13 young (13312K), 0 survivors (0K)
 Metaspace       used 4278K, committed 4544K, reserved 1114112K
  class space    used 529K, committed 640K, reserved 1048576K
}
Event: 0.479 GC heap after
{Heap after GC invocations=1 (full 0):
 garbage-first heap   total 129024K, used 5077K [0x00000000e0000000, 0x0000000100000000)
  region size 1024K, 2 young (2048K), 2 survivors (2048K)
 Metaspace       used 4278K, committed 4544K, reserved 1114112K
  class space    used 529K, committed 640K, reserved 1048576K
}
Event: 0.899 GC heap before
{Heap before GC invocations=1 (full 0):
 garbage-first heap   total 129024K, used 17365K [0x00000000e0000000, 0x0000000100000000)
  region size 1024K, 14 young (14336K), 2 survivors (2048K)
 Metaspace       used 7768K, committed 8128K, reserved 1114112K
  class space    used 1029K, committed 1216K, reserved 1048576K
}
Event: 0.904 GC heap after
{Heap after GC invocations=2 (full 0):
 garbage-first heap   total 129024K, used 6623K [0x00000000e0000000, 0x0000000100000000)
  region size 1024K, 2 young (2048K), 2 survivors (2048K)
 Metaspace       used 7768K, committed 8128K, reserved 1114112K
  class space    used 1029K, committed 1216K, reserved 1048576K
}

Dll operation events (9 events):
Event: 0.005 Loaded shared library C:\Users\svino\.jdks\corretto-21.0.4\bin\java.dll
Event: 0.033 Loaded shared library C:\Users\svino\.jdks\corretto-21.0.4\bin\jsvml.dll
Event: 0.065 Loaded shared library C:\Users\svino\.jdks\corretto-21.0.4\bin\net.dll
Event: 0.066 Loaded shared library C:\Users\svino\.jdks\corretto-21.0.4\bin\nio.dll
Event: 0.071 Loaded shared library C:\Users\svino\.jdks\corretto-21.0.4\bin\zip.dll
Event: 0.139 Loaded shared library C:\Users\svino\.jdks\corretto-21.0.4\bin\verify.dll
Event: 0.144 Loaded shared library C:\Users\svino\.jdks\corretto-21.0.4\bin\jimage.dll
Event: 0.424 Loaded shared library C:\Users\svino\.jdks\corretto-21.0.4\bin\extnet.dll
Event: 0.501 Loaded shared library C:\Users\svino\.jdks\corretto-21.0.4\bin\sunmscapi.dll

Deoptimization events (20 events):
Event: 1.220 Thread 0x000001798abba930 Uncommon trap: trap_request=0xffffffde fr.pc=0x000001799adfd244 relative=0x00000000000008a4
Event: 1.220 Thread 0x000001798abba930 Uncommon trap: reason=class_check action=maybe_recompile pc=0x000001799adfd244 method=java.util.HashMap.putVal(ILjava/lang/Object;Ljava/lang/Object;ZZ)Ljava/lang/Object; @ 203 c2
Event: 1.220 Thread 0x000001798abba930 DEOPT PACKING pc=0x000001799adfd244 sp=0x00000001006f9e30
Event: 1.220 Thread 0x000001798abba930 DEOPT UNPACKING pc=0x000001799a8246a2 sp=0x00000001006f9d58 mode 2
Event: 1.220 Thread 0x000001798abba930 Uncommon trap: trap_request=0xffffffde fr.pc=0x000001799adfd208 relative=0x0000000000000868
Event: 1.220 Thread 0x000001798abba930 Uncommon trap: reason=class_check action=maybe_recompile pc=0x000001799adfd208 method=java.util.HashMap.putVal(ILjava/lang/Object;Ljava/lang/Object;ZZ)Ljava/lang/Object; @ 91 c2
Event: 1.220 Thread 0x000001798abba930 DEOPT PACKING pc=0x000001799adfd208 sp=0x00000001006f9e30
Event: 1.220 Thread 0x000001798abba930 DEOPT UNPACKING pc=0x000001799a8246a2 sp=0x00000001006f9d58 mode 2
Event: 1.220 Thread 0x000001798abba930 Uncommon trap: trap_request=0xffffffde fr.pc=0x000001799adfd208 relative=0x0000000000000868
Event: 1.220 Thread 0x000001798abba930 Uncommon trap: reason=class_check action=maybe_recompile pc=0x000001799adfd208 method=java.util.HashMap.putVal(ILjava/lang/Object;Ljava/lang/Object;ZZ)Ljava/lang/Object; @ 91 c2
Event: 1.220 Thread 0x000001798abba930 DEOPT PACKING pc=0x000001799adfd208 sp=0x00000001006f9e30
Event: 1.220 Thread 0x000001798abba930 DEOPT UNPACKING pc=0x000001799a8246a2 sp=0x00000001006f9d58 mode 2
Event: 1.220 Thread 0x000001798abba930 Uncommon trap: trap_request=0xffffffde fr.pc=0x000001799adfd208 relative=0x0000000000000868
Event: 1.220 Thread 0x000001798abba930 Uncommon trap: reason=class_check action=maybe_recompile pc=0x000001799adfd208 method=java.util.HashMap.putVal(ILjava/lang/Object;Ljava/lang/Object;ZZ)Ljava/lang/Object; @ 91 c2
Event: 1.220 Thread 0x000001798abba930 DEOPT PACKING pc=0x000001799adfd208 sp=0x00000001006f9e30
Event: 1.220 Thread 0x000001798abba930 DEOPT UNPACKING pc=0x000001799a8246a2 sp=0x00000001006f9d58 mode 2
Event: 1.220 Thread 0x000001798abba930 Uncommon trap: trap_request=0xffffffde fr.pc=0x000001799adfac48 relative=0x0000000000000828
Event: 1.220 Thread 0x000001798abba930 Uncommon trap: reason=class_check action=maybe_recompile pc=0x000001799adfac48 method=java.util.HashMap.putVal(ILjava/lang/Object;Ljava/lang/Object;ZZ)Ljava/lang/Object; @ 91 c2
Event: 1.220 Thread 0x000001798abba930 DEOPT PACKING pc=0x000001799adfac48 sp=0x00000001006f9da0
Event: 1.220 Thread 0x000001798abba930 DEOPT UNPACKING pc=0x000001799a8246a2 sp=0x00000001006f9d50 mode 2

Classes loaded (20 events):
Event: 1.203 Loading class java/util/stream/DoubleStream
Event: 1.203 Loading class java/util/stream/DoubleStream done
Event: 1.203 Loading class java/util/stream/LongStream
Event: 1.203 Loading class java/util/stream/LongStream done
Event: 1.203 Loading class java/util/OptionalDouble
Event: 1.204 Loading class java/util/OptionalDouble done
Event: 1.204 Loading class java/util/OptionalLong
Event: 1.204 Loading class java/util/OptionalLong done
Event: 1.217 Loading class java/util/function/UnaryOperator
Event: 1.218 Loading class java/util/function/UnaryOperator done
Event: 1.231 Loading class java/math/MathContext
Event: 1.231 Loading class java/math/MathContext done
Event: 1.242 Loading class java/util/Collections$UnmodifiableMap$UnmodifiableEntrySet
Event: 1.242 Loading class java/util/Collections$UnmodifiableMap$UnmodifiableEntrySet done
Event: 1.242 Loading class java/util/Collections$UnmodifiableMap$UnmodifiableEntrySet$1
Event: 1.243 Loading class java/util/Collections$UnmodifiableMap$UnmodifiableEntrySet$1 done
Event: 1.243 Loading class java/util/Collections$UnmodifiableMap$UnmodifiableEntrySet$UnmodifiableEntry
Event: 1.243 Loading class java/util/Collections$UnmodifiableMap$UnmodifiableEntrySet$UnmodifiableEntry done
Event: 1.253 Loading class java/lang/ArrayIndexOutOfBoundsException
Event: 1.253 Loading class java/lang/ArrayIndexOutOfBoundsException done

Classes unloaded (0 events):
No events

Classes redefined (0 events):
No events

Internal exceptions (20 events):
Event: 0.802 Thread 0x000001798abba930 Exception <a 'java/lang/NoSuchMethodError'{0x00000000e746f260}: 'void java.lang.invoke.DirectMethodHandle$Holder.invokeInterface(java.lang.Object, java.lang.Object, java.lang.Object, java.lang.Object, java.lang.Object)'> (0x00000000e746f260) 
thrown [s\src\hotspot\share\interpreter\linkResolver.cpp, line 773]
Event: 0.802 Thread 0x000001798abba930 Exception <a 'java/lang/IncompatibleClassChangeError'{0x00000000e7472f10}: Found class java.lang.Object, but interface was expected> (0x00000000e7472f10) 
thrown [s\src\hotspot\share\interpreter\linkResolver.cpp, line 840]
Event: 0.808 Thread 0x000001798abba930 Exception <a 'java/lang/IncompatibleClassChangeError'{0x00000000e749f780}: Found class java.lang.Object, but interface was expected> (0x00000000e749f780) 
thrown [s\src\hotspot\share\interpreter\linkResolver.cpp, line 840]
Event: 0.817 Thread 0x000001798abba930 Exception <a 'java/lang/NoSuchMethodError'{0x00000000e7304500}: 'void java.lang.invoke.DirectMethodHandle$Holder.invokeSpecial(java.lang.Object, java.lang.Object, java.lang.Object, java.lang.Object, java.lang.Object)'> (0x00000000e7304500) 
thrown [s\src\hotspot\share\interpreter\linkResolver.cpp, line 773]
Event: 0.853 Thread 0x000001798abba930 Exception <a 'java/lang/NoSuchMethodError'{0x00000000e7380210}: 'void java.lang.invoke.DirectMethodHandle$Holder.invokeInterface(java.lang.Object, java.lang.Object, java.lang.Object, java.lang.Object)'> (0x00000000e7380210) 
thrown [s\src\hotspot\share\interpreter\linkResolver.cpp, line 773]
Event: 0.854 Thread 0x000001798abba930 Exception <a 'java/lang/IncompatibleClassChangeError'{0x00000000e7383b18}: Found class java.lang.Object, but interface was expected> (0x00000000e7383b18) 
thrown [s\src\hotspot\share\interpreter\linkResolver.cpp, line 840]
Event: 0.859 Thread 0x000001798abba930 Exception <a 'java/lang/NoSuchMethodError'{0x00000000e7398440}: 'void java.lang.invoke.DirectMethodHandle$Holder.invokeStatic(java.lang.Object, java.lang.Object, java.lang.Object, java.lang.Object)'> (0x00000000e7398440) 
thrown [s\src\hotspot\share\interpreter\linkResolver.cpp, line 773]
Event: 0.870 Thread 0x000001798abba930 Exception <a 'java/lang/NoSuchMethodError'{0x00000000e73f6b70}: 'int java.lang.invoke.DirectMethodHandle$Holder.invokeStatic(java.lang.Object, java.lang.Object, java.lang.Object, java.lang.Object)'> (0x00000000e73f6b70) 
thrown [s\src\hotspot\share\interpreter\linkResolver.cpp, line 773]
Event: 0.871 Thread 0x000001798abba930 Exception <a 'java/lang/NoSuchMethodError'{0x00000000e73fa230}: 'java.lang.Object java.lang.invoke.Invokers$Holder.invokeExact_MT(java.lang.Object, java.lang.Object, java.lang.Object, java.lang.Object, java.lang.Object, java.lang.Object)'> (0x00000000e73fa230) 
thrown [s\src\hotspot\share\interpreter\linkResolver.cpp, line 773]
Event: 0.872 Thread 0x000001798abba930 Exception <a 'java/lang/NoSuchMethodError'{0x00000000e7208378}: 'int java.lang.invoke.DirectMethodHandle$Holder.invokeStatic(java.lang.Object, java.lang.Object, java.lang.Object, java.lang.Object, java.lang.Object)'> (0x00000000e7208378) 
thrown [s\src\hotspot\share\interpreter\linkResolver.cpp, line 773]
Event: 0.882 Thread 0x000001798abba930 Exception <a 'java/lang/NoSuchMethodError'{0x00000000e724ddc0}: 'void java.lang.invoke.DirectMethodHandle$Holder.invokeStaticInit(java.lang.Object)'> (0x00000000e724ddc0) 
thrown [s\src\hotspot\share\interpreter\linkResolver.cpp, line 773]
Event: 0.898 Thread 0x000001798abba930 Exception <a 'java/lang/NoSuchMethodError'{0x00000000e72fbf90}: 'void java.lang.invoke.DirectMethodHandle$Holder.invokeStaticInit(java.lang.Object, java.lang.Object, java.lang.Object, java.lang.Object)'> (0x00000000e72fbf90) 
thrown [s\src\hotspot\share\interpreter\linkResolver.cpp, line 773]
Event: 0.913 Thread 0x000001798abba930 Exception <a 'java/lang/NoSuchMethodError'{0x00000000e7d3c248}: 'java.lang.Object java.lang.invoke.DirectMethodHandle$Holder.newInvokeSpecial(java.lang.Object, java.lang.Object, int)'> (0x00000000e7d3c248) 
thrown [s\src\hotspot\share\interpreter\linkResolver.cpp, line 773]
Event: 0.922 Thread 0x000001798abba930 Exception <a 'java/lang/NoSuchMethodError'{0x00000000e7d8ab88}: 'int java.lang.invoke.DirectMethodHandle$Holder.invokeStaticInit(java.lang.Object, java.lang.Object)'> (0x00000000e7d8ab88) 
thrown [s\src\hotspot\share\interpreter\linkResolver.cpp, line 773]
Event: 0.930 Thread 0x000001798abba930 Exception <a 'java/lang/NoSuchMethodError'{0x00000000e7dc2848}: 'int java.lang.invoke.DirectMethodHandle$Holder.invokeInterface(java.lang.Object, java.lang.Object)'> (0x00000000e7dc2848) 
thrown [s\src\hotspot\share\interpreter\linkResolver.cpp, line 773]
Event: 0.964 Thread 0x000001798abba930 Exception <a 'java/lang/NoSuchMethodError'{0x00000000e7ce5e90}: 'java.lang.Object java.lang.invoke.DirectMethodHandle$Holder.newInvokeSpecial(java.lang.Object, java.lang.Object, java.lang.Object, java.lang.Object, java.lang.Object, java.lang.Object, java.lang.Object)'> (0x00000000e7ce5e90) 
thrown [s\src\hotspot\share\interpreter\linkResolver.cpp, line 773]
Event: 0.966 Thread 0x000001798abba930 Exception <a 'java/lang/NoSuchMethodError'{0x00000000e7cf6af8}: 'java.lang.Object java.lang.invoke.DirectMethodHandle$Holder.invokeInterface(java.lang.Object, java.lang.Object, java.lang.Object, java.lang.Object, java.lang.Object)'> (0x00000000e7cf6af8) 
thrown [s\src\hotspot\share\interpreter\linkResolver.cpp, line 773]
Event: 0.966 Thread 0x000001798abba930 Exception <a 'java/lang/IncompatibleClassChangeError'{0x00000000e7cfa630}: Found class java.lang.Object, but interface was expected> (0x00000000e7cfa630) 
thrown [s\src\hotspot\share\interpreter\linkResolver.cpp, line 840]
Event: 0.975 Thread 0x000001798abba930 Exception <a 'java/lang/IncompatibleClassChangeError'{0x00000000e7b53310}: Found class java.lang.Object, but interface was expected> (0x00000000e7b53310) 
thrown [s\src\hotspot\share\interpreter\linkResolver.cpp, line 840]
Event: 0.983 Thread 0x000001798abba930 Exception <a 'java/lang/NoSuchMethodError'{0x00000000e7b87668}: 'void java.lang.invoke.DirectMethodHandle$Holder.invokeVirtual(java.lang.Object, java.lang.Object)'> (0x00000000e7b87668) 
thrown [s\src\hotspot\share\interpreter\linkResolver.cpp, line 773]

ZGC Phase Switch (0 events):
No events

VM Operations (20 events):
Event: 0.410 Executing VM operation: HandshakeAllThreads (Deoptimize)
Event: 0.410 Executing VM operation: HandshakeAllThreads (Deoptimize) done
Event: 0.474 Executing VM operation: G1CollectForAllocation (G1 Evacuation Pause)
Event: 0.479 Executing VM operation: G1CollectForAllocation (G1 Evacuation Pause) done
Event: 0.484 Executing VM operation: HandshakeAllThreads (Deoptimize)
Event: 0.484 Executing VM operation: HandshakeAllThreads (Deoptimize) done
Event: 0.485 Executing VM operation: HandshakeAllThreads (Deoptimize)
Event: 0.485 Executing VM operation: HandshakeAllThreads (Deoptimize) done
Event: 0.506 Executing VM operation: HandshakeAllThreads (Deoptimize)
Event: 0.506 Executing VM operation: HandshakeAllThreads (Deoptimize) done
Event: 0.604 Executing VM operation: HandshakeAllThreads (Deoptimize)
Event: 0.604 Executing VM operation: HandshakeAllThreads (Deoptimize) done
Event: 0.645 Executing VM operation: HandshakeAllThreads (Deoptimize)
Event: 0.645 Executing VM operation: HandshakeAllThreads (Deoptimize) done
Event: 0.899 Executing VM operation: G1CollectForAllocation (G1 Evacuation Pause)
Event: 0.904 Executing VM operation: G1CollectForAllocation (G1 Evacuation Pause) done
Event: 0.969 Executing VM operation: HandshakeAllThreads (Deoptimize)
Event: 0.969 Executing VM operation: HandshakeAllThreads (Deoptimize) done
Event: 1.146 Executing VM operation: HandshakeAllThreads (Deoptimize)
Event: 1.147 Executing VM operation: HandshakeAllThreads (Deoptimize) done

Memory protections (0 events):
No events

Nmethod flushes (0 events):
No events

Events (15 events):
Event: 0.019 Thread 0x000001798abba930 Thread added: 0x000001798abba930
Event: 0.031 Thread 0x000001798abba930 Thread added: 0x00000179a5141590
Event: 0.031 Thread 0x000001798abba930 Thread added: 0x00000179a51424b0
Event: 0.031 Thread 0x000001798abba930 Thread added: 0x00000179a5149110
Event: 0.031 Thread 0x000001798abba930 Thread added: 0x00000179a514c390
Event: 0.031 Thread 0x000001798abba930 Thread added: 0x00000179a5158e60
Event: 0.032 Thread 0x000001798abba930 Thread added: 0x00000179a515d5f0
Event: 0.032 Thread 0x000001798abba930 Thread added: 0x00000179a515df90
Event: 0.032 Thread 0x000001798abba930 Thread added: 0x00000179a515f240
Event: 0.060 Thread 0x000001798abba930 Thread added: 0x00000179a53b10c0
Event: 0.062 Thread 0x000001798abba930 Thread added: 0x00000179a53b3900
Event: 0.184 Thread 0x00000179a515df90 Thread added: 0x00000179a55a0f20
Event: 0.485 Thread 0x000001798abba930 Thread added: 0x00000179a5a24bd0
Event: 0.567 Thread 0x000001798abba930 Thread added: 0x00000179a5ae3a40
Event: 0.567 Thread 0x000001798abba930 Thread added: 0x00000179a5ad9a90


Dynamic libraries:
0x00007ff6970c0000 - 0x00007ff6970ce000 	C:\Users\svino\.jdks\corretto-21.0.4\bin\java.exe
0x00007ffdc03b0000 - 0x00007ffdc05c7000 	C:\WINDOWS\SYSTEM32\ntdll.dll
0x00007ffdbeac0000 - 0x00007ffdbeb84000 	C:\WINDOWS\System32\KERNEL32.DLL
0x00007ffdbd730000 - 0x00007ffdbdadd000 	C:\WINDOWS\System32\KERNELBASE.dll
0x00007ffdbdd10000 - 0x00007ffdbde21000 	C:\WINDOWS\System32\ucrtbase.dll
0x00007ffda72b0000 - 0x00007ffda72cb000 	C:\Users\svino\.jdks\corretto-21.0.4\bin\VCRUNTIME140.dll
0x00007ffda7300000 - 0x00007ffda7318000 	C:\Users\svino\.jdks\corretto-21.0.4\bin\jli.dll
0x00007ffdbe490000 - 0x00007ffdbe63e000 	C:\WINDOWS\System32\USER32.dll
0x00007ffd90050000 - 0x00007ffd902e3000 	C:\WINDOWS\WinSxS\amd64_microsoft.windows.common-controls_6595b64144ccf1df_6.0.22621.3672_none_2713b9d173822955\COMCTL32.dll
0x00007ffdbd700000 - 0x00007ffdbd726000 	C:\WINDOWS\System32\win32u.dll
0x00007ffdbf8e0000 - 0x00007ffdbf987000 	C:\WINDOWS\System32\msvcrt.dll
0x00007ffdbec40000 - 0x00007ffdbec69000 	C:\WINDOWS\System32\GDI32.dll
0x00007ffdbdb50000 - 0x00007ffdbdc69000 	C:\WINDOWS\System32\gdi32full.dll
0x00007ffdbdc70000 - 0x00007ffdbdd0a000 	C:\WINDOWS\System32\msvcp_win.dll
0x00007ffdbec70000 - 0x00007ffdbeca1000 	C:\WINDOWS\System32\IMM32.DLL
0x00007ffdb3a70000 - 0x00007ffdb3a7c000 	C:\Users\svino\.jdks\corretto-21.0.4\bin\vcruntime140_1.dll
0x00007ffda0f70000 - 0x00007ffda0ffd000 	C:\Users\svino\.jdks\corretto-21.0.4\bin\msvcp140.dll
0x00007ffd181b0000 - 0x00007ffd18f46000 	C:\Users\svino\.jdks\corretto-21.0.4\bin\server\jvm.dll
0x00007ffdbe240000 - 0x00007ffdbe2f2000 	C:\WINDOWS\System32\ADVAPI32.dll
0x00007ffdbf4a0000 - 0x00007ffdbf549000 	C:\WINDOWS\System32\sechost.dll
0x00007ffdbd6d0000 - 0x00007ffdbd6f8000 	C:\WINDOWS\System32\bcrypt.dll
0x00007ffdbe370000 - 0x00007ffdbe484000 	C:\WINDOWS\System32\RPCRT4.dll
0x00007ffdbe7d0000 - 0x00007ffdbe841000 	C:\WINDOWS\System32\WS2_32.dll
0x00007ffdbc5a0000 - 0x00007ffdbc5ed000 	C:\WINDOWS\SYSTEM32\POWRPROF.dll
0x00007ffdb1310000 - 0x00007ffdb1344000 	C:\WINDOWS\SYSTEM32\WINMM.dll
0x00007ffdaa8b0000 - 0x00007ffdaa8ba000 	C:\WINDOWS\SYSTEM32\VERSION.dll
0x00007ffdbc560000 - 0x00007ffdbc573000 	C:\WINDOWS\SYSTEM32\UMPDC.dll
0x00007ffdbc810000 - 0x00007ffdbc828000 	C:\WINDOWS\SYSTEM32\kernel.appcore.dll
0x00007ffdb0ed0000 - 0x00007ffdb0eda000 	C:\Users\svino\.jdks\corretto-21.0.4\bin\jimage.dll
0x00007ffdbabd0000 - 0x00007ffdbae02000 	C:\WINDOWS\SYSTEM32\DBGHELP.DLL
0x00007ffdbf550000 - 0x00007ffdbf8de000 	C:\WINDOWS\System32\combase.dll
0x00007ffdbe6f0000 - 0x00007ffdbe7c7000 	C:\WINDOWS\System32\OLEAUT32.dll
0x00007ffd856a0000 - 0x00007ffd856d2000 	C:\WINDOWS\SYSTEM32\dbgcore.DLL
0x00007ffdbdef0000 - 0x00007ffdbdf6b000 	C:\WINDOWS\System32\bcryptPrimitives.dll
0x00007ffda6eb0000 - 0x00007ffda6ecf000 	C:\Users\svino\.jdks\corretto-21.0.4\bin\java.dll
0x00007ffdbfb00000 - 0x00007ffdc0367000 	C:\WINDOWS\System32\SHELL32.dll
0x00007ffdbb660000 - 0x00007ffdbbf5f000 	C:\WINDOWS\SYSTEM32\windows.storage.dll
0x00007ffdbb520000 - 0x00007ffdbb65f000 	C:\WINDOWS\SYSTEM32\wintypes.dll
0x00007ffdbe140000 - 0x00007ffdbe239000 	C:\WINDOWS\System32\SHCORE.dll
0x00007ffdbe850000 - 0x00007ffdbe8ae000 	C:\WINDOWS\System32\shlwapi.dll
0x00007ffdbd600000 - 0x00007ffdbd627000 	C:\WINDOWS\SYSTEM32\profapi.dll
0x00007ffda0220000 - 0x00007ffda02f7000 	C:\Users\svino\.jdks\corretto-21.0.4\bin\jsvml.dll
0x00007ffda7160000 - 0x00007ffda7170000 	C:\Users\svino\.jdks\corretto-21.0.4\bin\net.dll
0x00007ffdb6220000 - 0x00007ffdb6356000 	C:\WINDOWS\SYSTEM32\WINHTTP.dll
0x00007ffdbcc80000 - 0x00007ffdbcce9000 	C:\WINDOWS\system32\mswsock.dll
0x00007ffda2d70000 - 0x00007ffda2d86000 	C:\Users\svino\.jdks\corretto-21.0.4\bin\nio.dll
0x00007ffda30a0000 - 0x00007ffda30b8000 	C:\Users\svino\.jdks\corretto-21.0.4\bin\zip.dll
0x00007ffda6e10000 - 0x00007ffda6e20000 	C:\Users\svino\.jdks\corretto-21.0.4\bin\verify.dll
0x00007ffda3090000 - 0x00007ffda3099000 	C:\Users\svino\.jdks\corretto-21.0.4\bin\extnet.dll
0x00007ffda2ff0000 - 0x00007ffda2ffe000 	C:\Users\svino\.jdks\corretto-21.0.4\bin\sunmscapi.dll
0x00007ffdbdf70000 - 0x00007ffdbe0d6000 	C:\WINDOWS\System32\CRYPT32.dll
0x00007ffdbd090000 - 0x00007ffdbd0be000 	C:\WINDOWS\SYSTEM32\ncrypt.dll
0x00007ffdbd050000 - 0x00007ffdbd087000 	C:\WINDOWS\SYSTEM32\NTASN1.dll
0x00007ffd4e930000 - 0x00007ffd4e938000 	C:\WINDOWS\system32\wshunix.dll
0x00007ffdbced0000 - 0x00007ffdbceeb000 	C:\WINDOWS\SYSTEM32\CRYPTSP.dll
0x00007ffdbc770000 - 0x00007ffdbc7a5000 	C:\WINDOWS\system32\rsaenh.dll
0x00007ffdbcd70000 - 0x00007ffdbcd98000 	C:\WINDOWS\SYSTEM32\USERENV.dll
0x00007ffdbcef0000 - 0x00007ffdbcefc000 	C:\WINDOWS\SYSTEM32\CRYPTBASE.dll
0x00007ffdbc230000 - 0x00007ffdbc25d000 	C:\WINDOWS\SYSTEM32\IPHLPAPI.DLL
0x00007ffdbe360000 - 0x00007ffdbe369000 	C:\WINDOWS\System32\NSI.dll

dbghelp: loaded successfully - version: 4.0.5 - missing functions: none
symbol engine: initialized successfully - sym options: 0x614 - pdb path: .;C:\Users\svino\.jdks\corretto-21.0.4\bin;C:\WINDOWS\SYSTEM32;C:\WINDOWS\WinSxS\amd64_microsoft.windows.common-controls_6595b64144ccf1df_6.0.22621.3672_none_2713b9d173822955;C:\Users\svino\.jdks\corretto-21.0.4\bin\server

VM Arguments:
jvm_args: -Dorg.gradle.internal.worker.tmpdir=D:\Mentor\BookingTest 4\build\tmp\test\work -Dorg.gradle.native=false -Xmx512m -Dfile.encoding=UTF-8 -Duser.country=RU -Duser.language=ru -Duser.variant -ea 
java_command: worker.org.gradle.process.internal.worker.GradleWorkerMain 'Gradle Test Executor 15'
java_class_path (initial): C:\Users\svino\.gradle\caches\8.5\workerMain\gradle-worker.jar;D:\Mentor\BookingTest 4\build\classes\java\test;D:\Mentor\BookingTest 4\build\classes\java\main;D:\Mentor\BookingTest 4\build\resources\main;C:\Users\svino\.gradle\caches\modules-2\files-2.1\io.rest-assured\rest-assured\5.5.0\1bc7b4c046c2e00a37bf78f2d9d7b41a43fdd5d1\rest-assured-5.5.0.jar;C:\Users\svino\.gradle\caches\modules-2\files-2.1\com.fasterxml.jackson.core\jackson-annotations\2.15.2\4724a65ac8e8d156a24898d50fd5dbd3642870b8\jackson-annotations-2.15.2.jar;C:\Users\svino\.gradle\caches\modules-2\files-2.1\com.fasterxml.jackson.core\jackson-core\2.15.2\a6fe1836469a69b3ff66037c324d75fc66ef137c\jackson-core-2.15.2.jar;C:\Users\svino\.gradle\caches\modules-2\files-2.1\com.fasterxml.jackson.core\jackson-databind\2.15.2\9353b021f10c307c00328f52090de2bdb4b6ff9c\jackson-databind-2.15.2.jar;C:\Users\svino\.gradle\caches\modules-2\files-2.1\org.junit.platform\junit-platform-engine\1.10.0\276c4edcf64fabb5a139fa7b4f99330d7a93b804\junit-platform-engine-1.10.0.jar;C:\Users\svino\.gradle\caches\modules-2\files-2.1\org.junit.platform\junit-platform-commons\1.10.0\d533ff2c286eaf963566f92baf5f8a06628d2609\junit-platform-commons-1.10.0.jar;C:\Users\svino\.gradle\caches\modules-2\files-2.1\org.junit.jupiter\junit-jupiter-engine\5.10.0\90587932d718fc51a48112d33045a18476c542ad\junit-jupiter-engine-5.10.0.jar;C:\Users\svino\.gradle\caches\modules-2\files-2.1\org.junit.jupiter\junit-jupiter-api\5.10.0\2fe4ba3d31d5067878e468c96aa039005a9134d3\junit-jupiter-api-5.10.0.jar;C:\Users\svino\.gradle\caches\modules-2\files-2.1\org.assertj\assertj-core\3.24.2\ebbf338e33f893139459ce5df023115971c2786f\assertj-core-3.24.2.jar;C:\Users\svino\.gradle\caches\modules-2\files-2.1\io.rest-assured\xml-path\5.5.0\c9baca3bda6cd9a808be7054b1ee734cd815c5b9\xml-path-5.5.0.jar;C:\Users\svino\.gradle\caches\modules-2\files-2.1\io.rest-assured\json-path\5.5.0\56a579e89ca36df1d1770237c457439af3b12bd7\json-path-5.5.0.jar;C:\Users\svino\.gradle\caches\modules-2\files-2.1\org.apache.groovy\groovy-json\4.0.22\5c8edac1ee596375a3d28fc2c0e844ee067f6b6b\groovy-json-4.0.22.jar;C:\Users\svino\.gradle\caches\modules-2\files-2.1\org.apache.groovy\groovy-xml\4.0.22\951b9a1f3891981aa152fd02076a8ba6c20857e7\groovy-xml-4.0.22.jar;C:\Users\svino\.gradle\caches\modules-2\files-2.1\io.rest-assured\rest-assured-common\5.5.0\924f72feb179423acf329860e47487e74649d686\rest-assured-common-5.5.0.jar;C:\Users\svino\.gradle\caches\modules-2\files-2.1\org.apache.groovy\groovy\4.0.22\a04df669ad2778678072315bc92f10f03362e7d7\groovy-4.0.22.jar;C:\Users\svino\.gradle\caches\modules-2\files-2.1\org.apache.httpcomponents\httpmime\4.5.13\efc110bad4a0d45cda7858e6beee1d8a8313da5a\httpmime-4.5.13.jar;C:\Users\svino\.gradle\caches\modules-2\files-2.1\org.apache.httpcomponents\httpclient\4.5.13\e5f6cae5ca7ecaac1ec2827a9e2d65ae2869cada\httpclient-4.5.13.jar;C:\Users\svino\.gradle\caches\modules-2\files-2.1\org.hamcrest\hamcrest\2.2\1820c0968dba3a11a1b30669bb1f01978a91dedc\hamcrest-2.2.jar;C:\Users\svino\.gradle\caches\modules-2\files-2.1\org.ccil.cowan.tagsoup\tagsoup\1.2.1\5584627487e984c03456266d3f8802eb85a9ce97\tagsoup-1.2.1.jar;C:\Users\svino\.gradle\caches\modules-2\files-2.1\org.opentest4j\opentest4j\1.3.0\152ea56b3a72f655d4fd677fc0ef2596c3dd5e6e\opentest4j-1.3.0.jar;C:\Users\svino\.gradle\caches\modules-2\files-2.1\net.bytebuddy\byte-buddy\1.12.21\1a257bbdb9288f2558d3767cc2cc22b499d5091c\byte-buddy-1.12.21.jar;C:\Users\svino\.gradle\caches\modules-2\files-2.1\org.apache.httpcomponents\httpcore\4.4.13\853b96d3afbb7bf8cc303fe27ee96836a10c1834\httpcore-4.4.13.jar;C:\Users\svino\.gradle\caches\modules-2\files-2.1\commons-logging\commons-logging\1.2\4bfc12adfe4842bf07b657f0369c4cb522955686\commons-logging-1.2.jar;C:\Users\svino\.gradle\caches\modules-2\files-2.1\commons-codec\commons-codec\1.11\3acb4705652e16236558f0f4f2192cc33c3bd189\commons-codec-1.11.jar;C:\Users\svino\.gradle\caches\modules-2\files-2.1\org.apache.commons\commons-lang3\3.11\68e9a6adf7cf8eb7e9d31bbc554c7c75eeaac568\commons-lang3-3.11.jar;C:\Users\svino\.gradle\wrapper\dists\gradle-8.5-bin\5t9huq95ubn472n8rpzujfbqh\gradle-8.5\lib\plugins\junit-platform-engine-1.8.2.jar;C:\Users\svino\.gradle\wrapper\dists\gradle-8.5-bin\5t9huq95ubn472n8rpzujfbqh\gradle-8.5\lib\plugins\junit-platform-launcher-1.8.2.jar;C:\Users\svino\.gradle\wrapper\dists\gradle-8.5-bin\5t9huq95ubn472n8rpzujfbqh\gradle-8.5\lib\plugins\junit-platform-commons-1.8.2.jar
Launcher Type: SUN_STANDARD

[Global flags]
     intx CICompilerCount                          = 3                                         {product} {ergonomic}
     uint ConcGCThreads                            = 1                                         {product} {ergonomic}
     uint G1ConcRefinementThreads                  = 4                                         {product} {ergonomic}
   size_t G1HeapRegionSize                         = 1048576                                   {product} {ergonomic}
    uintx GCDrainStackTargetSize                   = 64                                        {product} {ergonomic}
   size_t InitialHeapSize                          = 132120576                                 {product} {ergonomic}
   size_t MarkStackSize                            = 4194304                                   {product} {ergonomic}
   size_t MaxHeapSize                              = 536870912                                 {product} {command line}
   size_t MaxNewSize                               = 321912832                                 {product} {ergonomic}
   size_t MinHeapDeltaBytes                        = 1048576                                   {product} {ergonomic}
   size_t MinHeapSize                              = 8388608                                   {product} {ergonomic}
    uintx NonNMethodCodeHeapSize                   = 5832780                                {pd product} {ergonomic}
    uintx NonProfiledCodeHeapSize                  = 122912730                              {pd product} {ergonomic}
    uintx ProfiledCodeHeapSize                     = 122912730                              {pd product} {ergonomic}
    uintx ReservedCodeCacheSize                    = 251658240                              {pd product} {ergonomic}
     bool SegmentedCodeCache                       = true                                      {product} {ergonomic}
   size_t SoftMaxHeapSize                          = 536870912                              {manageable} {ergonomic}
     bool UseCompressedOops                        = true                           {product lp64_product} {ergonomic}
     bool UseG1GC                                  = true                                      {product} {ergonomic}
     bool UseLargePagesIndividualAllocation        = false                                  {pd product} {ergonomic}

Logging:
Log output configuration:
 #0: stdout all=warning uptime,level,tags foldmultilines=false
 #1: stderr all=off uptime,level,tags foldmultilines=false

Environment Variables:
JAVA_HOME=C:\Program Files\Java\jdk-21
PATH=C:\Program Files\Java\jdk-21;C:\WINDOWS\system32;C:\WINDOWS;C:\WINDOWS\System32\Wbem;C:\WINDOWS\System32\WindowsPowerShell\v1.0\;C:\WINDOWS\System32\OpenSSH\;C:\Program Files\dotnet\;C:\Program Files\MySQL\MySQL Workbench 8.0\ \Client SDK\ODBC\170\Tools\Binn\;C:\Program Files\MySQL\MySQL Workbench 8.0\SQL\150\Tools\Binn\;C:\Program Files\MySQL\MySQL Workbench 8.0\ \150\Tools\Binn\;C:\Program Files\MySQL\MySQL Workbench 8.0\ \150\DTS\Binn\;C:\Program Files (x86)\MySQL\MySQL Workbench 8.0\SQL\160\DTS\Binn\;C:\Program Files\Azure Data Studio\bin;D:\BA-1\;C:\Program Files\Git\cmd;C:\Program Files (x86)\Microsoft SQL Server\160\DTS\Binn\;C:\Users\svino\AppData\Local\Programs\Python\Launcher\;C:\Users\svino\AppData\Local\Microsoft\WindowsApps;C:\Users\svino\.dotnet\tools;;C:\Program Files\Azure Data Studio\bin;D:\web\Microsoft VS Code\bin
USERNAME=svino
OS=Windows_NT
PROCESSOR_IDENTIFIER=Intel64 Family 6 Model 142 Stepping 12, GenuineIntel
TMP=C:\Users\svino\AppData\Local\Temp
TEMP=C:\Users\svino\AppData\Local\Temp




Periodic native trim disabled

---------------  S Y S T E M  ---------------

OS:
 Windows 11 , 64 bit Build 22621 (10.0.22621.3958)
OS uptime: 19 days 1:16 hours

CPU: total 4 (initial active 4) (2 cores per cpu, 2 threads per core) family 6 model 142 stepping 12 microcode 0xde, cx8, cmov, fxsr, ht, mmx, 3dnowpref, sse, sse2, sse3, ssse3, sse4.1, sse4.2, popcnt, lzcnt, tsc, tscinvbit, avx, avx2, aes, erms, clmul, bmi1, bmi2, adx, fma, vzeroupper, clflush, clflushopt, rdtscp, f16c
Processor Information for all 4 processors :
  Max Mhz: 2592, Current Mhz: 2592, Mhz Limit: 2073

Memory: 4k page, system-wide physical 8025M (470M free)
TotalPageFile size 23385M (AvailPageFile size 5M)
current process WorkingSet (physical memory assigned to process): 104M, peak: 104M
current process commit charge ("private bytes"): 234M, peak: 235M

vm_info: OpenJDK 64-Bit Server VM (21.0.4+7-LTS) for windows-amd64 JRE (21.0.4+7-LTS), built on 2024-07-10T17:34:29Z by "Administrator" with MS VC++ 16.10 / 16.11 (VS2019)

END.
